<?xml version="1.0" encoding="UTF-8"?>
<!-- Generated by org.testng.reporters.JUnitReportReporter -->
<testsuite hostname="INLEN8520060837" failures="0" tests="1" name="PageFactory.LoginPageFactory" time="10.280" errors="0" timestamp="2023-09-01T11:20:40 IST" skipped="0">
  <testcase classname="PageFactory.LoginPageFactory" name="login" time="10.280"/>
</testsuite> <!-- PageFactory.LoginPageFactory -->
