<?xml version="1.0" encoding="UTF-8"?>
<!-- Generated by org.testng.reporters.JUnitReportReporter -->
<testsuite hostname="INLEN8520060837" failures="0" tests="1" name="PageFactory.Bus" time="23.756" errors="0" timestamp="2023-09-05T15:31:42 IST" skipped="0">
  <testcase classname="PageFactory.Bus" name="bSearch" time="23.756"/>
</testsuite> <!-- PageFactory.Bus -->
