<?xml version="1.0" encoding="UTF-8"?>
<!-- Generated by org.testng.reporters.JUnitReportReporter -->
<testsuite hostname="INLEN8520060837" failures="0" tests="1" name="PageFactory.Search" time="54.078" errors="0" timestamp="2023-09-02T10:23:59 IST" skipped="0">
  <testcase classname="PageFactory.Search" name="bSearch" time="54.078"/>
</testsuite> <!-- PageFactory.Search -->
