<?xml version="1.0" encoding="UTF-8"?>
<!-- Generated by org.testng.reporters.JUnitReportReporter -->
<testsuite hostname="INLEN8520060837" failures="0" tests="1" name="ExtentReport.ExtentRepo" time="8.613" errors="0" timestamp="2023-09-06T19:20:44 IST" skipped="0">
  <testcase classname="ExtentReport.ExtentRepo" name="verifyTitle" time="8.613"/>
</testsuite> <!-- ExtentReport.ExtentRepo -->
